[2025-08-22 00:38:34] [INFO] UserMigration module initialized
[2025-08-22 00:38:34] [INFO] Source Domain: contoso.local
[2025-08-22 00:38:34] [INFO] Target Domain: fabrikam.cloud
[2025-08-22 00:38:34] [INFO] Initializing advanced group mapping capabilities
[2025-08-22 00:38:34] [INFO] Group naming convention set: DomainReplacement = True
[2025-08-22 00:38:34] [INFO] Group naming convention set: ConflictStrategy = Append
[2025-08-22 00:38:34] [INFO] Added group transformation rule: RemoveSourceDomain
[2025-08-22 00:38:34] [INFO] Advanced group mapping initialized
[2025-08-22 00:38:34] [INFO] Group naming prefix set to: MIG_
[2025-08-22 00:38:34] [INFO] Group naming convention set: ConflictStrategy = Append
[2025-08-22 00:38:34] [INFO] Added group transformation rule: ShareGatePrefix
[2025-08-22 00:38:34] [INFO] Added group transformation rule: RemoveOldPrefix
[2025-08-22 00:38:34] [INFO] Added group transformation rule: StandardizeSpaces
[2025-08-22 00:38:34] [INFO] Setting advanced group mapping for: Sales Team
[2025-08-22 00:38:34] [INFO] Setting advanced group mapping for: All Employees
[2025-08-22 00:38:34] [INFO] Setting advanced group mapping for: IT Support
[2025-08-22 00:38:34] [INFO] Setting advanced group mapping for: Help Desk
[2025-08-22 00:38:34] [INFO] Setting advanced group mapping for: Domain_Admin
[2025-08-22 00:38:34] [INFO] Group naming convention set: ConflictStrategy = Domain
[2025-08-22 00:38:34] [INFO] Creating advanced group mappings
[2025-08-22 00:38:34] [INFO] Validating group mappings
[2025-08-22 00:38:34] [SUCCESS] Group mapping validation completed
[2025-08-22 00:38:34] [SUCCESS] Group mappings exported to: .\group_mappings_test.json
[2025-08-22 00:38:34] [INFO] UserMigration module initialized
[2025-08-22 00:38:34] [INFO] Source Domain: contoso.local
[2025-08-22 00:38:34] [INFO] Target Domain: fabrikam.cloud
[2025-08-22 00:38:34] [INFO] Initializing advanced group mapping capabilities
[2025-08-22 00:38:34] [INFO] Group naming convention set: DomainReplacement = True
[2025-08-22 00:38:34] [INFO] Group naming convention set: ConflictStrategy = Append
[2025-08-22 00:38:34] [INFO] Added group transformation rule: RemoveSourceDomain
[2025-08-22 00:38:34] [INFO] Advanced group mapping initialized
[2025-08-22 00:38:34] [SUCCESS] Group mappings imported from: .\group_mappings_test.json
