[2025-08-22 00:37:26] [INFO] UserMigration module initialized
[2025-08-22 00:37:26] [INFO] Source Domain: contoso.local
[2025-08-22 00:37:26] [INFO] Target Domain: fabrikam.cloud
[2025-08-22 00:37:26] [INFO] Initializing advanced group mapping capabilities
[2025-08-22 00:37:26] [INFO] Group naming convention set: DomainReplacement = True
[2025-08-22 00:37:26] [INFO] Group naming convention set: ConflictStrategy = Append
[2025-08-22 00:37:26] [INFO] Added group transformation rule: RemoveSourceDomain
[2025-08-22 00:37:26] [INFO] Advanced group mapping initialized
[2025-08-22 00:37:26] [INFO] Group naming prefix set to: MIG_
[2025-08-22 00:37:26] [INFO] Group naming convention set: ConflictStrategy = Append
[2025-08-22 00:37:26] [INFO] Added group transformation rule: ShareGatePrefix
[2025-08-22 00:37:26] [INFO] Added group transformation rule: RemoveOldPrefix
[2025-08-22 00:37:26] [INFO] Added group transformation rule: StandardizeSpaces
[2025-08-22 00:37:26] [INFO] Setting advanced group mapping for: Sales Team
[2025-08-22 00:37:26] [INFO] Setting advanced group mapping for: All Employees
[2025-08-22 00:37:26] [INFO] Setting advanced group mapping for: IT Support
[2025-08-22 00:37:26] [INFO] Setting advanced group mapping for: Help Desk
[2025-08-22 00:37:26] [INFO] Group naming convention set: ConflictStrategy = Domain
[2025-08-22 00:37:26] [INFO] Validating group mappings
[2025-08-22 00:37:26] [SUCCESS] Group mapping validation completed
[2025-08-22 00:37:26] [SUCCESS] Group mappings exported to: .\group_mappings_test.json
[2025-08-22 00:37:26] [INFO] UserMigration module initialized
[2025-08-22 00:37:26] [INFO] Source Domain: contoso.local
[2025-08-22 00:37:26] [INFO] Target Domain: fabrikam.cloud
[2025-08-22 00:37:26] [INFO] Initializing advanced group mapping capabilities
[2025-08-22 00:37:26] [INFO] Group naming convention set: DomainReplacement = True
[2025-08-22 00:37:26] [INFO] Group naming convention set: ConflictStrategy = Append
[2025-08-22 00:37:26] [INFO] Added group transformation rule: RemoveSourceDomain
[2025-08-22 00:37:26] [INFO] Advanced group mapping initialized
[2025-08-22 00:37:26] [ERROR] Failed to import group mappings: Exception setting "AdvancedGroupMappings": "Cannot convert value "@{OneToOne=; CustomRules=; ManyToOne=; OneToMany=; ConflictResolution=}" to type "System.Collections.Hashtable". Error: "Cannot convert the "@{OneToOne=; CustomRules=; ManyToOne=; OneToMany=; ConflictResolution=}" value of type "System.Management.Automation.PSCustomObject" to type "System.Collections.Hashtable".""
